<?xml version="1.0" encoding="UTF-8"?>
<robot generator="Robot 4.0.2 (Python 3.9.5 on win32)" generated="20210524 20:20:19.350" rpa="false" schemaversion="2">
<suite id="s1" name="Formulario" source="c:\qaninja\robot\web\tests\formulario.robot">
<test id="s1-t1" name="Login com Sucesso">
<kw name="Nova Sessão" library="base" type="SETUP">
<kw name="Open Browser" library="SeleniumLibrary">
<arg>${url}</arg>
<arg>chrome</arg>
<doc>Opens a new browser instance to the optional ``url``.</doc>
<msg timestamp="20210524 20:20:19.746" level="INFO">Opening browser 'chrome' to base url 'http://training-wheels-protocol.herokuapp.com/'.</msg>
<status status="PASS" starttime="20210524 20:20:19.745" endtime="20210524 20:20:24.601"/>
</kw>
<status status="PASS" starttime="20210524 20:20:19.745" endtime="20210524 20:20:24.602"/>
</kw>
<kw name="Go To" library="SeleniumLibrary">
<arg>${url}/login</arg>
<doc>Navigates the current browser window to the provided ``url``.</doc>
<msg timestamp="20210524 20:20:24.606" level="INFO">Opening url 'http://training-wheels-protocol.herokuapp.com//login'</msg>
<status status="PASS" starttime="20210524 20:20:24.604" endtime="20210524 20:20:25.465"/>
</kw>
<kw name="Login With">
<arg>stark</arg>
<arg>jarvis!</arg>
<kw name="Input Text" library="SeleniumLibrary">
<arg>css:input[name=username]</arg>
<arg>${uname}</arg>
<doc>Types the given ``text`` into the text field identified by ``locator``.</doc>
<msg timestamp="20210524 20:20:25.470" level="INFO">Typing text 'stark' into text field 'css:input[name=username]'.</msg>
<status status="PASS" starttime="20210524 20:20:25.469" endtime="20210524 20:20:25.729"/>
</kw>
<kw name="Input Text" library="SeleniumLibrary">
<arg>css:input[name=password]</arg>
<arg>${pass}</arg>
<doc>Types the given ``text`` into the text field identified by ``locator``.</doc>
<msg timestamp="20210524 20:20:25.730" level="INFO">Typing text 'jarvis!' into text field 'css:input[name=password]'.</msg>
<status status="PASS" starttime="20210524 20:20:25.729" endtime="20210524 20:20:26.003"/>
</kw>
<kw name="Click Element" library="SeleniumLibrary">
<arg>class:btn-login</arg>
<doc>Click the element identified by ``locator``.</doc>
<msg timestamp="20210524 20:20:26.005" level="INFO">Clicking element 'class:btn-login'.</msg>
<kw name="Capture Page Screenshot" library="SeleniumLibrary">
<doc>Takes a screenshot of the current page and embeds it into a log file.</doc>
<msg timestamp="20210524 20:20:26.329" level="INFO" html="true">&lt;/td&gt;&lt;/tr&gt;&lt;tr&gt;&lt;td colspan="3"&gt;&lt;a href="selenium-screenshot-202.png"&gt;&lt;img src="selenium-screenshot-202.png" width="800px"&gt;&lt;/a&gt;</msg>
<status status="PASS" starttime="20210524 20:20:26.093" endtime="20210524 20:20:26.329"/>
</kw>
<msg timestamp="20210524 20:20:26.341" level="FAIL">ElementNotInteractableException: Message: element not interactable: element has zero size
  (Session info: chrome=90.0.4430.212)
</msg>
<status status="FAIL" starttime="20210524 20:20:26.004" endtime="20210524 20:20:26.341"/>
</kw>
<status status="FAIL" starttime="20210524 20:20:25.467" endtime="20210524 20:20:26.341"/>
</kw>
<kw name="Encerra Sessão" library="base" type="TEARDOWN">
<kw name="Capture Page Screenshot" library="SeleniumLibrary">
<doc>Takes a screenshot of the current page and embeds it into a log file.</doc>
<msg timestamp="20210524 20:20:26.676" level="INFO" html="true">&lt;/td&gt;&lt;/tr&gt;&lt;tr&gt;&lt;td colspan="3"&gt;&lt;a href="selenium-screenshot-203.png"&gt;&lt;img src="selenium-screenshot-203.png" width="800px"&gt;&lt;/a&gt;</msg>
<status status="PASS" starttime="20210524 20:20:26.349" endtime="20210524 20:20:26.676"/>
</kw>
<kw name="Close Browser" library="SeleniumLibrary">
<doc>Closes the current browser.</doc>
<status status="PASS" starttime="20210524 20:20:26.677" endtime="20210524 20:20:28.888"/>
</kw>
<status status="PASS" starttime="20210524 20:20:26.341" endtime="20210524 20:20:28.889"/>
</kw>
<status status="FAIL" starttime="20210524 20:20:19.744" endtime="20210524 20:20:28.890">ElementNotInteractableException: Message: element not interactable: element has zero size
  (Session info: chrome=90.0.4430.212)
</status>
</test>
<test id="s1-t2" name="Senha Invalida">
<kw name="Nova Sessão" library="base" type="SETUP">
<kw name="Open Browser" library="SeleniumLibrary">
<arg>${url}</arg>
<arg>chrome</arg>
<doc>Opens a new browser instance to the optional ``url``.</doc>
<msg timestamp="20210524 20:20:28.902" level="INFO">Opening browser 'chrome' to base url 'http://training-wheels-protocol.herokuapp.com/'.</msg>
<status status="PASS" starttime="20210524 20:20:28.901" endtime="20210524 20:20:33.359"/>
</kw>
<status status="PASS" starttime="20210524 20:20:28.900" endtime="20210524 20:20:33.360"/>
</kw>
<kw name="Go To" library="SeleniumLibrary">
<arg>${url}/login</arg>
<doc>Navigates the current browser window to the provided ``url``.</doc>
<msg timestamp="20210524 20:20:33.364" level="INFO">Opening url 'http://training-wheels-protocol.herokuapp.com//login'</msg>
<status status="PASS" starttime="20210524 20:20:33.362" endtime="20210524 20:20:34.277"/>
</kw>
<kw name="Login With">
<arg>stark</arg>
<arg>jarvi!</arg>
<kw name="Input Text" library="SeleniumLibrary">
<arg>css:input[name=username]</arg>
<arg>${uname}</arg>
<doc>Types the given ``text`` into the text field identified by ``locator``.</doc>
<msg timestamp="20210524 20:20:34.281" level="INFO">Typing text 'stark' into text field 'css:input[name=username]'.</msg>
<status status="PASS" starttime="20210524 20:20:34.280" endtime="20210524 20:20:34.512"/>
</kw>
<kw name="Input Text" library="SeleniumLibrary">
<arg>css:input[name=password]</arg>
<arg>${pass}</arg>
<doc>Types the given ``text`` into the text field identified by ``locator``.</doc>
<msg timestamp="20210524 20:20:34.513" level="INFO">Typing text 'jarvi!' into text field 'css:input[name=password]'.</msg>
<status status="PASS" starttime="20210524 20:20:34.513" endtime="20210524 20:20:34.778"/>
</kw>
<kw name="Click Element" library="SeleniumLibrary">
<arg>class:btn-login</arg>
<doc>Click the element identified by ``locator``.</doc>
<msg timestamp="20210524 20:20:34.779" level="INFO">Clicking element 'class:btn-login'.</msg>
<kw name="Capture Page Screenshot" library="SeleniumLibrary">
<doc>Takes a screenshot of the current page and embeds it into a log file.</doc>
<msg timestamp="20210524 20:20:35.254" level="INFO" html="true">&lt;/td&gt;&lt;/tr&gt;&lt;tr&gt;&lt;td colspan="3"&gt;&lt;a href="selenium-screenshot-204.png"&gt;&lt;img src="selenium-screenshot-204.png" width="800px"&gt;&lt;/a&gt;</msg>
<status status="PASS" starttime="20210524 20:20:34.873" endtime="20210524 20:20:35.254"/>
</kw>
<msg timestamp="20210524 20:20:35.257" level="FAIL">ElementNotInteractableException: Message: element not interactable: element has zero size
  (Session info: chrome=90.0.4430.212)
</msg>
<status status="FAIL" starttime="20210524 20:20:34.778" endtime="20210524 20:20:35.258"/>
</kw>
<status status="FAIL" starttime="20210524 20:20:34.279" endtime="20210524 20:20:35.258"/>
</kw>
<kw name="Encerra Sessão" library="base" type="TEARDOWN">
<kw name="Capture Page Screenshot" library="SeleniumLibrary">
<doc>Takes a screenshot of the current page and embeds it into a log file.</doc>
<msg timestamp="20210524 20:20:35.610" level="INFO" html="true">&lt;/td&gt;&lt;/tr&gt;&lt;tr&gt;&lt;td colspan="3"&gt;&lt;a href="selenium-screenshot-205.png"&gt;&lt;img src="selenium-screenshot-205.png" width="800px"&gt;&lt;/a&gt;</msg>
<status status="PASS" starttime="20210524 20:20:35.258" endtime="20210524 20:20:35.610"/>
</kw>
<kw name="Close Browser" library="SeleniumLibrary">
<doc>Closes the current browser.</doc>
<status status="PASS" starttime="20210524 20:20:35.610" endtime="20210524 20:20:37.820"/>
</kw>
<status status="PASS" starttime="20210524 20:20:35.258" endtime="20210524 20:20:37.822"/>
</kw>
<tag>login_error</tag>
<status status="FAIL" starttime="20210524 20:20:28.898" endtime="20210524 20:20:37.823">ElementNotInteractableException: Message: element not interactable: element has zero size
  (Session info: chrome=90.0.4430.212)
</status>
</test>
<test id="s1-t3" name="Usuario não Existe">
<kw name="Nova Sessão" library="base" type="SETUP">
<kw name="Open Browser" library="SeleniumLibrary">
<arg>${url}</arg>
<arg>chrome</arg>
<doc>Opens a new browser instance to the optional ``url``.</doc>
<msg timestamp="20210524 20:20:37.830" level="INFO">Opening browser 'chrome' to base url 'http://training-wheels-protocol.herokuapp.com/'.</msg>
<status status="PASS" starttime="20210524 20:20:37.830" endtime="20210524 20:20:41.990"/>
</kw>
<status status="PASS" starttime="20210524 20:20:37.829" endtime="20210524 20:20:41.990"/>
</kw>
<kw name="Go To" library="SeleniumLibrary">
<arg>${url}/login</arg>
<doc>Navigates the current browser window to the provided ``url``.</doc>
<msg timestamp="20210524 20:20:41.990" level="INFO">Opening url 'http://training-wheels-protocol.herokuapp.com//login'</msg>
<status status="PASS" starttime="20210524 20:20:41.990" endtime="20210524 20:20:42.655"/>
</kw>
<kw name="Login With">
<arg>papito</arg>
<arg>123456!</arg>
<kw name="Input Text" library="SeleniumLibrary">
<arg>css:input[name=username]</arg>
<arg>${uname}</arg>
<doc>Types the given ``text`` into the text field identified by ``locator``.</doc>
<msg timestamp="20210524 20:20:42.656" level="INFO">Typing text 'papito' into text field 'css:input[name=username]'.</msg>
<status status="PASS" starttime="20210524 20:20:42.656" endtime="20210524 20:20:42.840"/>
</kw>
<kw name="Input Text" library="SeleniumLibrary">
<arg>css:input[name=password]</arg>
<arg>${pass}</arg>
<doc>Types the given ``text`` into the text field identified by ``locator``.</doc>
<msg timestamp="20210524 20:20:42.842" level="INFO">Typing text '123456!' into text field 'css:input[name=password]'.</msg>
<status status="PASS" starttime="20210524 20:20:42.840" endtime="20210524 20:20:43.120"/>
</kw>
<kw name="Click Element" library="SeleniumLibrary">
<arg>class:btn-login</arg>
<doc>Click the element identified by ``locator``.</doc>
<msg timestamp="20210524 20:20:43.121" level="INFO">Clicking element 'class:btn-login'.</msg>
<kw name="Capture Page Screenshot" library="SeleniumLibrary">
<doc>Takes a screenshot of the current page and embeds it into a log file.</doc>
<msg timestamp="20210524 20:20:43.658" level="INFO" html="true">&lt;/td&gt;&lt;/tr&gt;&lt;tr&gt;&lt;td colspan="3"&gt;&lt;a href="selenium-screenshot-206.png"&gt;&lt;img src="selenium-screenshot-206.png" width="800px"&gt;&lt;/a&gt;</msg>
<status status="PASS" starttime="20210524 20:20:43.212" endtime="20210524 20:20:43.658"/>
</kw>
<msg timestamp="20210524 20:20:43.663" level="FAIL">ElementNotInteractableException: Message: element not interactable: element has zero size
  (Session info: chrome=90.0.4430.212)
</msg>
<status status="FAIL" starttime="20210524 20:20:43.121" endtime="20210524 20:20:43.663"/>
</kw>
<status status="FAIL" starttime="20210524 20:20:42.656" endtime="20210524 20:20:43.664"/>
</kw>
<kw name="Encerra Sessão" library="base" type="TEARDOWN">
<kw name="Capture Page Screenshot" library="SeleniumLibrary">
<doc>Takes a screenshot of the current page and embeds it into a log file.</doc>
<msg timestamp="20210524 20:20:43.912" level="INFO" html="true">&lt;/td&gt;&lt;/tr&gt;&lt;tr&gt;&lt;td colspan="3"&gt;&lt;a href="selenium-screenshot-207.png"&gt;&lt;img src="selenium-screenshot-207.png" width="800px"&gt;&lt;/a&gt;</msg>
<status status="PASS" starttime="20210524 20:20:43.666" endtime="20210524 20:20:43.912"/>
</kw>
<kw name="Close Browser" library="SeleniumLibrary">
<doc>Closes the current browser.</doc>
<status status="PASS" starttime="20210524 20:20:43.913" endtime="20210524 20:20:46.118"/>
</kw>
<status status="PASS" starttime="20210524 20:20:43.666" endtime="20210524 20:20:46.118"/>
</kw>
<tag>login_user404</tag>
<status status="FAIL" starttime="20210524 20:20:37.828" endtime="20210524 20:20:46.119">ElementNotInteractableException: Message: element not interactable: element has zero size
  (Session info: chrome=90.0.4430.212)
</status>
</test>
<status status="FAIL" starttime="20210524 20:20:19.353" endtime="20210524 20:20:46.127"/>
</suite>
<statistics>
<total>
<stat pass="0" fail="3" skip="0">All Tests</stat>
</total>
<tag>
<stat pass="0" fail="1" skip="0">login_error</stat>
<stat pass="0" fail="1" skip="0">login_user404</stat>
</tag>
<suite>
<stat pass="0" fail="3" skip="0" id="s1" name="Formulario">Formulario</stat>
</suite>
</statistics>
<errors>
</errors>
</robot>
