<?xml version="1.0" encoding="UTF-8"?>
<robot generator="Robot 4.0.2 (Python 3.9.5 on win32)" generated="20210524 00:25:38.929" rpa="false" schemaversion="2">
<suite id="s1" name="Test" source="c:\qaninja\robot\test.robot">
<test id="s1-t1" name="Deve retornar mensagem de Boas vindas">
<kw name="Welcome" library="app">
<var>${result}</var>
<arg>Leonardo</arg>
<msg timestamp="20210524 00:25:38.985" level="INFO">${result} = Ola Leonardo, seja bem vindo ao curso de robot!</msg>
<status status="PASS" starttime="20210524 00:25:38.984" endtime="20210524 00:25:38.985"/>
</kw>
<kw name="Should Be Equal" library="BuiltIn">
<arg>${result}</arg>
<arg>Ola Leonardo, seja bem vindo ao curso de robot!</arg>
<doc>Fails if the given objects are unequal.</doc>
<status status="PASS" starttime="20210524 00:25:38.985" endtime="20210524 00:25:38.986"/>
</kw>
<status status="PASS" starttime="20210524 00:25:38.983" endtime="20210524 00:25:38.987"/>
</test>
<status status="PASS" starttime="20210524 00:25:38.933" endtime="20210524 00:25:38.990"/>
</suite>
<statistics>
<total>
<stat pass="1" fail="0" skip="0">All Tests</stat>
</total>
<tag>
</tag>
<suite>
<stat pass="1" fail="0" skip="0" id="s1" name="Test">Test</stat>
</suite>
</statistics>
<errors>
</errors>
</robot>
