<?xml version="1.0" encoding="UTF-8"?>
<robot generator="Robot 4.0.2 (Python 3.9.5 on win32)" generated="20210622 15:17:29.587" rpa="false" schemaversion="2">
<suite id="s1" name="Checkbox" source="c:\qaninja\Twp\tests\checkbox.robot">
<test id="s1-t1" name="Deve marcar a opção Robot Framework">
<kw name="Open Session" library="base" type="SETUP">
<kw name="Set Appium Timeout" library="AppiumLibrary">
<arg>5</arg>
<doc>Sets the timeout in seconds used by various keywords.</doc>
<status status="PASS" starttime="20210622 15:17:29.792" endtime="20210622 15:17:29.792"/>
</kw>
<kw name="Open Application" library="AppiumLibrary">
<arg>http://localhost:4723/wd/hub</arg>
<arg>automationName=UiAutomator2</arg>
<arg>platformName=Android</arg>
<arg>deviceName=Emulator</arg>
<arg>app=${EXECDIR}/app/twp.apk</arg>
<arg>udid=emulator-5554</arg>
<doc>Opens a new application to given Appium server.
Capabilities of appium server, Android and iOS,
Please check https://github.com/appium/appium/blob/master/docs/en/writing-running-appium/server-args.md
| *Option*            | *Man.* | *Description*     |
| remote_url          | Yes    | Appium server url |
| alias               | no     | alias             |</doc>
<status status="PASS" starttime="20210622 15:17:29.792" endtime="20210622 15:17:49.061"/>
</kw>
<kw name="Get Started" library="helpers">
<kw name="Wait Until Page Contains" library="AppiumLibrary">
<arg>${START}</arg>
<doc>Waits until `text` appears on current page.</doc>
<status status="PASS" starttime="20210622 15:17:49.062" endtime="20210622 15:17:52.758"/>
</kw>
<kw name="Click Text" library="AppiumLibrary">
<arg>${START}</arg>
<doc>Click text identified by ``text``.</doc>
<status status="PASS" starttime="20210622 15:17:52.758" endtime="20210622 15:17:52.877"/>
</kw>
<status status="PASS" starttime="20210622 15:17:49.062" endtime="20210622 15:17:52.877"/>
</kw>
<status status="PASS" starttime="20210622 15:17:29.792" endtime="20210622 15:17:52.877"/>
</kw>
<kw name="Go To Checkbox" library="helpers">
<kw name="Open Nav" library="helpers">
<kw name="Wait Until Element Is Visible" library="AppiumLibrary">
<arg>${HAMBURGUER}</arg>
<doc>Waits until element specified with `locator` is visible.</doc>
<status status="PASS" starttime="20210622 15:17:52.878" endtime="20210622 15:17:54.090"/>
</kw>
<kw name="Click Element" library="AppiumLibrary">
<arg>${HAMBURGUER}</arg>
<doc>Click element identified by `locator`.</doc>
<msg timestamp="20210622 15:17:54.092" level="INFO">Clicking element 'xpath=//android.widget.ImageButton[@content-desc="Open navigation drawer"]'.</msg>
<status status="PASS" starttime="20210622 15:17:54.091" endtime="20210622 15:17:54.154"/>
</kw>
<kw name="Wait Until Element Is Visible" library="AppiumLibrary">
<arg>${NAVVIEW}</arg>
<doc>Waits until element specified with `locator` is visible.</doc>
<status status="PASS" starttime="20210622 15:17:54.154" endtime="20210622 15:17:55.200"/>
</kw>
<status status="PASS" starttime="20210622 15:17:52.878" endtime="20210622 15:17:55.200"/>
</kw>
<kw name="Click Text" library="AppiumLibrary">
<arg>INPUTS</arg>
<doc>Click text identified by ``text``.</doc>
<status status="PASS" starttime="20210622 15:17:55.200" endtime="20210622 15:17:55.307"/>
</kw>
<kw name="Wait Until Page Contains" library="AppiumLibrary">
<arg>INPUTS</arg>
<doc>Waits until `text` appears on current page.</doc>
<status status="PASS" starttime="20210622 15:17:55.307" endtime="20210622 15:17:55.848"/>
</kw>
<kw name="Click Text" library="AppiumLibrary">
<arg>CHECKBOX</arg>
<doc>Click text identified by ``text``.</doc>
<status status="PASS" starttime="20210622 15:17:55.849" endtime="20210622 15:17:56.314"/>
</kw>
<kw name="Wait Until Page Contains" library="AppiumLibrary">
<arg>Marque as techs que usam Appium</arg>
<doc>Waits until `text` appears on current page.</doc>
<status status="PASS" starttime="20210622 15:17:56.314" endtime="20210622 15:17:57.195"/>
</kw>
<status status="PASS" starttime="20210622 15:17:52.878" endtime="20210622 15:17:57.195"/>
</kw>
<kw name="Set Variable" library="BuiltIn">
<var>${element}</var>
<arg>//android.widget.CheckBox[contains(@text, 'Robot Framework')]</arg>
<doc>Returns the given values which can then be assigned to a variables.</doc>
<msg timestamp="20210622 15:17:57.196" level="INFO">${element} = //android.widget.CheckBox[contains(@text, 'Robot Framework')]</msg>
<status status="PASS" starttime="20210622 15:17:57.196" endtime="20210622 15:17:57.196"/>
</kw>
<kw name="Click Element" library="AppiumLibrary">
<arg>${element}</arg>
<doc>Click element identified by `locator`.</doc>
<msg timestamp="20210622 15:17:57.198" level="INFO">Clicking element '//android.widget.CheckBox[contains(@text, 'Robot Framework')]'.</msg>
<status status="PASS" starttime="20210622 15:17:57.197" endtime="20210622 15:17:57.288"/>
</kw>
<kw name="Wait Until Element Is Visible" library="AppiumLibrary">
<arg>id= io.qaninja.android.twp:id/rvContainer</arg>
<doc>Waits until element specified with `locator` is visible.</doc>
<status status="PASS" starttime="20210622 15:17:57.289" endtime="20210622 15:17:58.272"/>
</kw>
<kw name="Element Attribute Should Match" library="AppiumLibrary">
<arg>${element}</arg>
<arg>checked</arg>
<arg>true</arg>
<doc>Verify that an attribute of an element matches the expected criteria.</doc>
<msg timestamp="20210622 15:17:58.330" level="INFO">Element '//android.widget.CheckBox[contains(@text, 'Robot Framework')]' attribute 'checked' is 'true' </msg>
<status status="PASS" starttime="20210622 15:17:58.273" endtime="20210622 15:17:58.330"/>
</kw>
<kw name="Close Session" library="base" type="TEARDOWN">
<kw name="Close Application" library="AppiumLibrary">
<doc>Closes the current application and also close webdriver session.</doc>
<status status="PASS" starttime="20210622 15:17:58.331" endtime="20210622 15:17:59.387"/>
</kw>
<status status="PASS" starttime="20210622 15:17:58.331" endtime="20210622 15:17:59.388"/>
</kw>
<status status="PASS" starttime="20210622 15:17:29.791" endtime="20210622 15:17:59.388"/>
</test>
<status status="PASS" starttime="20210622 15:17:29.589" endtime="20210622 15:17:59.390"/>
</suite>
<statistics>
<total>
<stat pass="1" fail="0" skip="0">All Tests</stat>
</total>
<tag>
</tag>
<suite>
<stat pass="1" fail="0" skip="0" id="s1" name="Checkbox">Checkbox</stat>
</suite>
</statistics>
<errors>
</errors>
</robot>
